<?xml version="1.0" encoding="UTF-8"?>
<robot generator="Robot 7.0 (Python 3.11.2 on darwin)" generated="2024-04-16T21:44:55.327891" rpa="false" schemaversion="5">
<suite id="s1" name="Register Test" source="/Users/pancag/Documents/Estudos/Estudos_dev/QA_Academy/repos/robotframework-tests/tests/register_test.robot">
<test id="s1-t1" name="Register in a website" line="6">
<kw name="Access the url and initial settings" owner="general_keyword">
<kw name="Open Browser" owner="SeleniumLibrary">
<msg time="2024-04-16T21:44:55.394331" level="INFO">Opening browser 'chrome' to base url 'https://demo.automationtesting.in/Register.html'.</msg>
<arg>${url}</arg>
<arg>${browser}</arg>
<doc>Opens a new browser instance to the optional ``url``.</doc>
<status status="PASS" start="2024-04-16T21:44:55.394059" elapsed="4.101789"/>
</kw>
<status status="PASS" start="2024-04-16T21:44:55.393586" elapsed="4.102571"/>
</kw>
<kw name="Registration fields" owner="general_keyword">
<kw name="Input Text" owner="SeleniumLibrary">
<msg time="2024-04-16T21:44:59.497135" level="FAIL">Variable '${firstName2}' not found.</msg>
<arg>${firstName_xpath}</arg>
<arg>${firstName2}</arg>
<doc>Types the given ``text`` into the text field identified by ``locator``.</doc>
<status status="FAIL" start="2024-04-16T21:44:59.496752" elapsed="0.000979">Variable '${firstName2}' not found.</status>
</kw>
<kw name="Input Text" owner="SeleniumLibrary">
<arg>${lastName_xpath}</arg>
<arg>lastName</arg>
<doc>Types the given ``text`` into the text field identified by ``locator``.</doc>
<status status="NOT RUN" start="2024-04-16T21:44:59.497850" elapsed="0.000051"/>
</kw>
<kw name="Input Text" owner="SeleniumLibrary">
<arg>${email_xpath}</arg>
<arg>email</arg>
<doc>Types the given ``text`` into the text field identified by ``locator``.</doc>
<status status="NOT RUN" start="2024-04-16T21:44:59.497970" elapsed="0.000041"/>
</kw>
<kw name="Input Text" owner="SeleniumLibrary">
<arg>${phone_xpath}</arg>
<arg>phone</arg>
<doc>Types the given ``text`` into the text field identified by ``locator``.</doc>
<status status="NOT RUN" start="2024-04-16T21:44:59.498073" elapsed="0.000042"/>
</kw>
<status status="FAIL" start="2024-04-16T21:44:59.496456" elapsed="0.001813">Variable '${firstName2}' not found.</status>
</kw>
<status status="FAIL" start="2024-04-16T21:44:55.393124" elapsed="4.105391">Variable '${firstName2}' not found.</status>
</test>
<status status="FAIL" start="2024-04-16T21:44:55.330008" elapsed="4.169066"/>
</suite>
<statistics>
<total>
<stat pass="0" fail="1" skip="0">All Tests</stat>
</total>
<tag>
</tag>
<suite>
<stat pass="0" fail="1" skip="0" id="s1" name="Register Test">Register Test</stat>
</suite>
</statistics>
<errors>
<msg time="2024-04-16T21:44:55.391488" level="ERROR">Error in file '/Users/pancag/Documents/Estudos/Estudos_dev/QA_Academy/repos/robotframework-tests/resource/PageObject/KeywordDefinition/general_keyword.robot' on line 4: Processing variable file '/Users/pancag/Documents/Estudos/Estudos_dev/QA_Academy/repos/robotframework-tests/resource/PageObject/DataTests/information_data.py' failed: Importing variable file '/Users/pancag/Documents/Estudos/Estudos_dev/QA_Academy/repos/robotframework-tests/resource/PageObject/DataTests/information_data.py' failed: ModuleNotFoundError: No module named 'numpy'
Traceback (most recent call last):
  File "/Users/pancag/Documents/Estudos/Estudos_dev/QA_Academy/repos/robotframework-tests/resource/PageObject/DataTests/information_data.py", line 6, in &lt;module&gt;
    import numpy as np
PYTHONPATH:
  /Users/pancag/Documents/Estudos/Estudos_dev/QA_Academy/repos/robotframework-tests/resource/PageObject/DataTests
  /Library/Frameworks/Python.framework/Versions/3.11/bin/python3
  /Users/pancag/.vscode/extensions/robocorp.robotframework-lsp-1.12.0/src/robotframework_debug_adapter
  /Users/pancag/Documents/Estudos/Estudos_dev/QA_Academy/repos/robotframework-tests
  /Users/pancag/.vscode/extensions/robocorp.robotframework-lsp-1.12.0/src
  /Users/pancag/.vscode/extensions/robocorp.robotframework-lsp-1.12.0/src/robotframework_ls/vendored
  /Library/Frameworks/Python.framework/Versions/3.11/lib/python311.zip
  /Library/Frameworks/Python.framework/Versions/3.11/lib/python3.11
  /Library/Frameworks/Python.framework/Versions/3.11/lib/python3.11/lib-dynload
  /Library/Frameworks/Python.framework/Versions/3.11/lib/python3.11/site-packages</msg>
<msg time="2024-04-16T21:44:55.392298" level="ERROR">Error in file '/Users/pancag/Documents/Estudos/Estudos_dev/QA_Academy/repos/robotframework-tests/resource/PageObject/KeywordDefinition/general_keyword.robot' on line 9: Setting variable '${firstName2}' failed: Variable '${firstName}' not found. Did you mean:
    ${firstName2}
    ${firstName_xpath}</msg>
</errors>
</robot>
